{"/Users/emanualjade/Sites/chrome/tuber/src/background.ts": {"path":"/Users/emanualjade/Sites/chrome/tuber/src/background.ts","statementMap":{"0":{"start":{"line":1,"column":0},"end":{"line":3,"column":null}},"1":{"start":{"line":2,"column":2},"end":{"line":2,"column":null}},"2":{"start":{"line":5,"column":0},"end":{"line":7,"column":null}},"3":{"start":{"line":6,"column":2},"end":{"line":6,"column":null}},"4":{"start":{"line":10,"column":2},"end":{"line":19,"column":null}},"5":{"start":{"line":11,"column":20},"end":{"line":11,"column":22}},"6":{"start":{"line":12,"column":24},"end":{"line":12,"column":40}},"7":{"start":{"line":14,"column":4},"end":{"line":17,"column":null}},"8":{"start":{"line":14,"column":35},"end":{"line":14,"column":null}},"9":{"start":{"line":15,"column":9},"end":{"line":17,"column":null}},"10":{"start":{"line":15,"column":40},"end":{"line":15,"column":null}},"11":{"start":{"line":16,"column":9},"end":{"line":17,"column":null}},"12":{"start":{"line":16,"column":40},"end":{"line":16,"column":null}},"13":{"start":{"line":17,"column":9},"end":{"line":17,"column":null}},"14":{"start":{"line":17,"column":39},"end":{"line":17,"column":null}},"15":{"start":{"line":18,"column":4},"end":{"line":18,"column":null}}},"fnMap":{"0":{"name":"(anonymous_0)","decl":{"start":{"line":1,"column":37},"end":{"line":1,"column":40}},"loc":{"start":{"line":1,"column":42},"end":{"line":3,"column":1}}},"1":{"name":"(anonymous_1)","decl":{"start":{"line":5,"column":39},"end":{"line":5,"column":42}},"loc":{"start":{"line":5,"column":44},"end":{"line":7,"column":1}}},"2":{"name":"updateBadgeTextFromStorage","decl":{"start":{"line":9,"column":9},"end":{"line":9,"column":35}},"loc":{"start":{"line":9,"column":35},"end":{"line":20,"column":1}}},"3":{"name":"(anonymous_3)","decl":{"start":{"line":10,"column":41},"end":{"line":10,"column":42}},"loc":{"start":{"line":10,"column":76},"end":{"line":19,"column":3}}}},"branchMap":{"0":{"loc":{"start":{"line":14,"column":4},"end":{"line":17,"column":null}},"type":"if","locations":[{"start":{"line":14,"column":4},"end":{"line":17,"column":null}},{"start":{"line":15,"column":9},"end":{"line":17,"column":null}}]},"1":{"loc":{"start":{"line":15,"column":9},"end":{"line":17,"column":null}},"type":"if","locations":[{"start":{"line":15,"column":9},"end":{"line":17,"column":null}},{"start":{"line":16,"column":9},"end":{"line":17,"column":null}}]},"2":{"loc":{"start":{"line":16,"column":9},"end":{"line":17,"column":null}},"type":"if","locations":[{"start":{"line":16,"column":9},"end":{"line":17,"column":null}},{"start":{"line":17,"column":9},"end":{"line":17,"column":null}}]},"3":{"loc":{"start":{"line":17,"column":9},"end":{"line":17,"column":null}},"type":"if","locations":[{"start":{"line":17,"column":9},"end":{"line":17,"column":null}}]}},"s":{"0":0,"1":0,"2":0,"3":0,"4":0,"5":0,"6":0,"7":0,"8":0,"9":0,"10":0,"11":0,"12":0,"13":0,"14":0,"15":0},"f":{"0":0,"1":0,"2":0,"3":0},"b":{"0":[0,0],"1":[0,0],"2":[0,0],"3":[0]}}
,"/Users/emanualjade/Sites/chrome/tuber/src/content.ts": {"path":"/Users/emanualjade/Sites/chrome/tuber/src/content.ts","statementMap":{"0":{"start":{"line":5,"column":2},"end":{"line":5,"column":null}},"1":{"start":{"line":10,"column":29},"end":{"line":10,"column":52}},"2":{"start":{"line":12,"column":2},"end":{"line":16,"column":null}},"3":{"start":{"line":13,"column":35},"end":{"line":13,"column":62}},"4":{"start":{"line":15,"column":4},"end":{"line":15,"column":null}},"5":{"start":{"line":20,"column":18},"end":{"line":20,"column":47}},"6":{"start":{"line":21,"column":2},"end":{"line":21,"column":null}},"7":{"start":{"line":22,"column":2},"end":{"line":22,"column":null}},"8":{"start":{"line":23,"column":2},"end":{"line":23,"column":null}},"9":{"start":{"line":24,"column":2},"end":{"line":24,"column":null}},"10":{"start":{"line":25,"column":2},"end":{"line":25,"column":null}},"11":{"start":{"line":26,"column":2},"end":{"line":26,"column":null}},"12":{"start":{"line":27,"column":2},"end":{"line":27,"column":null}},"13":{"start":{"line":28,"column":2},"end":{"line":28,"column":null}},"14":{"start":{"line":29,"column":2},"end":{"line":29,"column":32}},"15":{"start":{"line":31,"column":2},"end":{"line":31,"column":null}},"16":{"start":{"line":33,"column":2},"end":{"line":33,"column":null}},"17":{"start":{"line":37,"column":18},"end":{"line":37,"column":58}},"18":{"start":{"line":38,"column":2},"end":{"line":40,"column":3}},"19":{"start":{"line":39,"column":4},"end":{"line":39,"column":null}},"20":{"start":{"line":45,"column":29},"end":{"line":45,"column":31}},"21":{"start":{"line":49,"column":2},"end":{"line":49,"column":null}},"22":{"start":{"line":50,"column":2},"end":{"line":56,"column":null}},"23":{"start":{"line":51,"column":25},"end":{"line":51,"column":74}},"24":{"start":{"line":52,"column":4},"end":{"line":55,"column":5}},"25":{"start":{"line":53,"column":6},"end":{"line":53,"column":null}},"26":{"start":{"line":54,"column":6},"end":{"line":54,"column":null}},"27":{"start":{"line":61,"column":2},"end":{"line":64,"column":3}},"28":{"start":{"line":62,"column":4},"end":{"line":62,"column":null}},"29":{"start":{"line":63,"column":4},"end":{"line":63,"column":null}},"30":{"start":{"line":69,"column":2},"end":{"line":80,"column":3}},"31":{"start":{"line":71,"column":6},"end":{"line":71,"column":21}},"32":{"start":{"line":73,"column":6},"end":{"line":73,"column":21}},"33":{"start":{"line":75,"column":6},"end":{"line":75,"column":21}},"34":{"start":{"line":77,"column":6},"end":{"line":77,"column":20}},"35":{"start":{"line":79,"column":6},"end":{"line":79,"column":null}},"36":{"start":{"line":85,"column":23},"end":{"line":85,"column":72}},"37":{"start":{"line":86,"column":2},"end":{"line":95,"column":3}},"38":{"start":{"line":87,"column":4},"end":{"line":94,"column":null}},"39":{"start":{"line":88,"column":6},"end":{"line":93,"column":null}},"40":{"start":{"line":89,"column":22},"end":{"line":89,"column":55}},"41":{"start":{"line":90,"column":8},"end":{"line":92,"column":9}},"42":{"start":{"line":91,"column":10},"end":{"line":91,"column":null}},"43":{"start":{"line":99,"column":0},"end":{"line":120,"column":null}},"44":{"start":{"line":100,"column":2},"end":{"line":103,"column":3}},"45":{"start":{"line":101,"column":4},"end":{"line":101,"column":null}},"46":{"start":{"line":102,"column":4},"end":{"line":102,"column":10}},"47":{"start":{"line":105,"column":2},"end":{"line":109,"column":3}},"48":{"start":{"line":106,"column":4},"end":{"line":106,"column":null}},"49":{"start":{"line":107,"column":4},"end":{"line":107,"column":null}},"50":{"start":{"line":108,"column":4},"end":{"line":108,"column":10}},"51":{"start":{"line":111,"column":2},"end":{"line":115,"column":3}},"52":{"start":{"line":113,"column":4},"end":{"line":113,"column":null}},"53":{"start":{"line":114,"column":4},"end":{"line":114,"column":null}},"54":{"start":{"line":117,"column":2},"end":{"line":119,"column":3}},"55":{"start":{"line":118,"column":4},"end":{"line":118,"column":null}},"56":{"start":{"line":123,"column":0},"end":{"line":137,"column":null}},"57":{"start":{"line":124,"column":16},"end":{"line":124,"column":49}},"58":{"start":{"line":125,"column":2},"end":{"line":125,"column":null}},"59":{"start":{"line":127,"column":2},"end":{"line":130,"column":3}},"60":{"start":{"line":128,"column":4},"end":{"line":128,"column":null}},"61":{"start":{"line":129,"column":4},"end":{"line":129,"column":10}},"62":{"start":{"line":132,"column":2},"end":{"line":134,"column":3}},"63":{"start":{"line":133,"column":4},"end":{"line":133,"column":null}},"64":{"start":{"line":136,"column":2},"end":{"line":136,"column":null}}},"fnMap":{"0":{"name":"normalizeHost","decl":{"start":{"line":3,"column":9},"end":{"line":3,"column":22}},"loc":{"start":{"line":3,"column":35},"end":{"line":6,"column":1}}},"1":{"name":"isHostExcluded","decl":{"start":{"line":8,"column":9},"end":{"line":8,"column":23}},"loc":{"start":{"line":8,"column":65},"end":{"line":17,"column":1}}},"2":{"name":"(anonymous_2)","decl":{"start":{"line":12,"column":28},"end":{"line":12,"column":29}},"loc":{"start":{"line":12,"column":45},"end":{"line":16,"column":3}}},"3":{"name":"addBlackOverlay","decl":{"start":{"line":19,"column":9},"end":{"line":19,"column":24}},"loc":{"start":{"line":19,"column":24},"end":{"line":34,"column":1}}},"4":{"name":"removeBlackOverlay","decl":{"start":{"line":36,"column":9},"end":{"line":36,"column":27}},"loc":{"start":{"line":36,"column":27},"end":{"line":41,"column":1}}},"5":{"name":"pauseVideoAfterDelay","decl":{"start":{"line":48,"column":9},"end":{"line":48,"column":29}},"loc":{"start":{"line":48,"column":43},"end":{"line":57,"column":1}}},"6":{"name":"(anonymous_6)","decl":{"start":{"line":50,"column":34},"end":{"line":50,"column":37}},"loc":{"start":{"line":50,"column":39},"end":{"line":56,"column":3}}},"7":{"name":"clearExistingTimer","decl":{"start":{"line":60,"column":9},"end":{"line":60,"column":27}},"loc":{"start":{"line":60,"column":27},"end":{"line":65,"column":1}}},"8":{"name":"getDelayFromKey","decl":{"start":{"line":68,"column":9},"end":{"line":68,"column":24}},"loc":{"start":{"line":68,"column":48},"end":{"line":81,"column":1}}},"9":{"name":"addVideoEventListeners","decl":{"start":{"line":84,"column":9},"end":{"line":84,"column":31}},"loc":{"start":{"line":84,"column":31},"end":{"line":96,"column":1}}},"10":{"name":"(anonymous_10)","decl":{"start":{"line":87,"column":42},"end":{"line":87,"column":45}},"loc":{"start":{"line":87,"column":47},"end":{"line":94,"column":5}}},"11":{"name":"(anonymous_11)","decl":{"start":{"line":88,"column":36},"end":{"line":88,"column":37}},"loc":{"start":{"line":88,"column":59},"end":{"line":93,"column":7}}},"12":{"name":"(anonymous_12)","decl":{"start":{"line":99,"column":37},"end":{"line":99,"column":38}},"loc":{"start":{"line":99,"column":58},"end":{"line":120,"column":1}}},"13":{"name":"(anonymous_13)","decl":{"start":{"line":123,"column":30},"end":{"line":123,"column":31}},"loc":{"start":{"line":123,"column":53},"end":{"line":137,"column":1}}}},"branchMap":{"0":{"loc":{"start":{"line":38,"column":2},"end":{"line":40,"column":3}},"type":"if","locations":[{"start":{"line":38,"column":2},"end":{"line":40,"column":3}}]},"1":{"loc":{"start":{"line":52,"column":4},"end":{"line":55,"column":5}},"type":"if","locations":[{"start":{"line":52,"column":4},"end":{"line":55,"column":5}}]},"2":{"loc":{"start":{"line":52,"column":8},"end":{"line":52,"column":44}},"type":"binary-expr","locations":[{"start":{"line":52,"column":8},"end":{"line":52,"column":20}},{"start":{"line":52,"column":24},"end":{"line":52,"column":44}}]},"3":{"loc":{"start":{"line":61,"column":2},"end":{"line":64,"column":3}},"type":"if","locations":[{"start":{"line":61,"column":2},"end":{"line":64,"column":3}}]},"4":{"loc":{"start":{"line":69,"column":2},"end":{"line":80,"column":3}},"type":"switch","locations":[{"start":{"line":70,"column":4},"end":{"line":71,"column":21}},{"start":{"line":72,"column":4},"end":{"line":73,"column":21}},{"start":{"line":74,"column":4},"end":{"line":75,"column":21}},{"start":{"line":76,"column":4},"end":{"line":77,"column":20}},{"start":{"line":78,"column":4},"end":{"line":79,"column":null}}]},"5":{"loc":{"start":{"line":86,"column":2},"end":{"line":95,"column":3}},"type":"if","locations":[{"start":{"line":86,"column":2},"end":{"line":95,"column":3}}]},"6":{"loc":{"start":{"line":90,"column":8},"end":{"line":92,"column":9}},"type":"if","locations":[{"start":{"line":90,"column":8},"end":{"line":92,"column":9}}]},"7":{"loc":{"start":{"line":100,"column":2},"end":{"line":103,"column":3}},"type":"if","locations":[{"start":{"line":100,"column":2},"end":{"line":103,"column":3}}]},"8":{"loc":{"start":{"line":105,"column":2},"end":{"line":109,"column":3}},"type":"if","locations":[{"start":{"line":105,"column":2},"end":{"line":109,"column":3}}]},"9":{"loc":{"start":{"line":111,"column":2},"end":{"line":115,"column":3}},"type":"if","locations":[{"start":{"line":111,"column":2},"end":{"line":115,"column":3}}]},"10":{"loc":{"start":{"line":117,"column":2},"end":{"line":119,"column":3}},"type":"if","locations":[{"start":{"line":117,"column":2},"end":{"line":119,"column":3}}]},"11":{"loc":{"start":{"line":125,"column":17},"end":{"line":125,"column":40}},"type":"cond-expr","locations":[{"start":{"line":125,"column":34},"end":{"line":125,"column":38}},{"start":{"line":125,"column":38},"end":{"line":125,"column":40}}]},"12":{"loc":{"start":{"line":125,"column":17},"end":{"line":125,"column":38}},"type":"binary-expr","locations":[{"start":{"line":125,"column":17},"end":{"line":125,"column":38}},{"start":{"line":125,"column":34},"end":{"line":125,"column":38}}]},"13":{"loc":{"start":{"line":127,"column":2},"end":{"line":130,"column":3}},"type":"if","locations":[{"start":{"line":127,"column":2},"end":{"line":130,"column":3}}]},"14":{"loc":{"start":{"line":132,"column":2},"end":{"line":134,"column":3}},"type":"if","locations":[{"start":{"line":132,"column":2},"end":{"line":134,"column":3}}]}},"s":{"0":0,"1":0,"2":0,"3":0,"4":0,"5":0,"6":0,"7":0,"8":0,"9":0,"10":0,"11":0,"12":0,"13":0,"14":0,"15":0,"16":0,"17":0,"18":0,"19":0,"20":0,"21":0,"22":0,"23":0,"24":0,"25":0,"26":0,"27":0,"28":0,"29":0,"30":0,"31":0,"32":0,"33":0,"34":0,"35":0,"36":0,"37":0,"38":0,"39":0,"40":0,"41":0,"42":0,"43":0,"44":0,"45":0,"46":0,"47":0,"48":0,"49":0,"50":0,"51":0,"52":0,"53":0,"54":0,"55":0,"56":0,"57":0,"58":0,"59":0,"60":0,"61":0,"62":0,"63":0,"64":0},"f":{"0":0,"1":0,"2":0,"3":0,"4":0,"5":0,"6":0,"7":0,"8":0,"9":0,"10":0,"11":0,"12":0,"13":0},"b":{"0":[0],"1":[0],"2":[0,0],"3":[0],"4":[0,0,0,0,0],"5":[0],"6":[0],"7":[0],"8":[0],"9":[0],"10":[0],"11":[0,0],"12":[0,0],"13":[0],"14":[0]}}
,"/Users/emanualjade/Sites/chrome/tuber/src/options.ts": {"path":"/Users/emanualjade/Sites/chrome/tuber/src/options.ts","statementMap":{"0":{"start":{"line":2,"column":0},"end":{"line":2,"column":22}},"1":{"start":{"line":6,"column":15},"end":{"line":7,"column":null}},"2":{"start":{"line":9,"column":2},"end":{"line":9,"column":22}},"3":{"start":{"line":11,"column":2},"end":{"line":29,"column":null}},"4":{"start":{"line":12,"column":15},"end":{"line":12,"column":43}},"5":{"start":{"line":13,"column":4},"end":{"line":13,"column":null}},"6":{"start":{"line":16,"column":25},"end":{"line":16,"column":57}},"7":{"start":{"line":17,"column":4},"end":{"line":17,"column":null}},"8":{"start":{"line":18,"column":4},"end":{"line":18,"column":null}},"9":{"start":{"line":19,"column":4},"end":{"line":19,"column":null}},"10":{"start":{"line":20,"column":4},"end":{"line":20,"column":null}},"11":{"start":{"line":23,"column":4},"end":{"line":25,"column":null}},"12":{"start":{"line":24,"column":6},"end":{"line":24,"column":null}},"13":{"start":{"line":27,"column":4},"end":{"line":27,"column":null}},"14":{"start":{"line":28,"column":4},"end":{"line":28,"column":null}},"15":{"start":{"line":34,"column":2},"end":{"line":57,"column":null}},"16":{"start":{"line":35,"column":18},"end":{"line":35,"column":41}},"17":{"start":{"line":36,"column":25},"end":{"line":36,"column":56}},"18":{"start":{"line":36,"column":45},"end":{"line":36,"column":55}},"19":{"start":{"line":39,"column":23},"end":{"line":39,"column":79}},"20":{"start":{"line":40,"column":4},"end":{"line":56,"column":null}},"21":{"start":{"line":42,"column":6},"end":{"line":42,"column":null}},"22":{"start":{"line":45,"column":6},"end":{"line":55,"column":null}},"23":{"start":{"line":46,"column":8},"end":{"line":54,"column":null}},"24":{"start":{"line":47,"column":10},"end":{"line":53,"column":11}},"25":{"start":{"line":48,"column":12},"end":{"line":52,"column":null}},"26":{"start":{"line":51,"column":16},"end":{"line":51,"column":null}},"27":{"start":{"line":61,"column":0},"end":{"line":64,"column":null}},"28":{"start":{"line":62,"column":16},"end":{"line":62,"column":39}},"29":{"start":{"line":63,"column":2},"end":{"line":63,"column":null}},"30":{"start":{"line":67,"column":0},"end":{"line":113,"column":null}},"31":{"start":{"line":70,"column":4},"end":{"line":70,"column":null}},"32":{"start":{"line":72,"column":18},"end":{"line":72,"column":77}},"33":{"start":{"line":73,"column":28},"end":{"line":73,"column":46}},"34":{"start":{"line":75,"column":4},"end":{"line":112,"column":5}},"35":{"start":{"line":77,"column":6},"end":{"line":111,"column":null}},"36":{"start":{"line":78,"column":22},"end":{"line":78,"column":45}},"37":{"start":{"line":81,"column":8},"end":{"line":83,"column":9}},"38":{"start":{"line":82,"column":10},"end":{"line":82,"column":null}},"39":{"start":{"line":86,"column":27},"end":{"line":86,"column":76}},"40":{"start":{"line":87,"column":8},"end":{"line":110,"column":null}},"41":{"start":{"line":89,"column":10},"end":{"line":89,"column":null}},"42":{"start":{"line":92,"column":10},"end":{"line":92,"column":null}},"43":{"start":{"line":95,"column":10},"end":{"line":109,"column":null}},"44":{"start":{"line":96,"column":12},"end":{"line":108,"column":null}},"45":{"start":{"line":97,"column":14},"end":{"line":107,"column":15}},"46":{"start":{"line":98,"column":16},"end":{"line":106,"column":null}},"47":{"start":{"line":101,"column":20},"end":{"line":105,"column":null}}},"fnMap":{"0":{"name":"updateExcludedHostsList","decl":{"start":{"line":5,"column":9},"end":{"line":5,"column":32}},"loc":{"start":{"line":5,"column":48},"end":{"line":30,"column":1}}},"1":{"name":"(anonymous_1)","decl":{"start":{"line":11,"column":16},"end":{"line":11,"column":17}},"loc":{"start":{"line":11,"column":25},"end":{"line":29,"column":3}}},"2":{"name":"(anonymous_2)","decl":{"start":{"line":23,"column":43},"end":{"line":23,"column":46}},"loc":{"start":{"line":23,"column":48},"end":{"line":25,"column":5}}},"3":{"name":"removeHost","decl":{"start":{"line":33,"column":9},"end":{"line":33,"column":19}},"loc":{"start":{"line":33,"column":32},"end":{"line":58,"column":1}}},"4":{"name":"(anonymous_4)","decl":{"start":{"line":34,"column":32},"end":{"line":34,"column":33}},"loc":{"start":{"line":34,"column":55},"end":{"line":57,"column":3}}},"5":{"name":"(anonymous_5)","decl":{"start":{"line":36,"column":38},"end":{"line":36,"column":39}},"loc":{"start":{"line":36,"column":45},"end":{"line":36,"column":55}}},"6":{"name":"(anonymous_6)","decl":{"start":{"line":40,"column":43},"end":{"line":40,"column":46}},"loc":{"start":{"line":40,"column":48},"end":{"line":56,"column":5}}},"7":{"name":"(anonymous_7)","decl":{"start":{"line":45,"column":28},"end":{"line":45,"column":29}},"loc":{"start":{"line":45,"column":56},"end":{"line":55,"column":7}}},"8":{"name":"(anonymous_8)","decl":{"start":{"line":46,"column":21},"end":{"line":46,"column":22}},"loc":{"start":{"line":46,"column":29},"end":{"line":54,"column":9}}},"9":{"name":"(anonymous_9)","decl":{"start":{"line":50,"column":21},"end":{"line":50,"column":22}},"loc":{"start":{"line":50,"column":31},"end":{"line":52,"column":15}}},"10":{"name":"(anonymous_10)","decl":{"start":{"line":61,"column":30},"end":{"line":61,"column":31}},"loc":{"start":{"line":61,"column":53},"end":{"line":64,"column":1}}},"11":{"name":"(anonymous_11)","decl":{"start":{"line":69,"column":31},"end":{"line":69,"column":41}},"loc":{"start":{"line":69,"column":53},"end":{"line":113,"column":3}}},"12":{"name":"(anonymous_12)","decl":{"start":{"line":77,"column":36},"end":{"line":77,"column":37}},"loc":{"start":{"line":77,"column":59},"end":{"line":111,"column":7}}},"13":{"name":"(anonymous_13)","decl":{"start":{"line":87,"column":47},"end":{"line":87,"column":50}},"loc":{"start":{"line":87,"column":52},"end":{"line":110,"column":9}}},"14":{"name":"(anonymous_14)","decl":{"start":{"line":95,"column":32},"end":{"line":95,"column":33}},"loc":{"start":{"line":95,"column":60},"end":{"line":109,"column":11}}},"15":{"name":"(anonymous_15)","decl":{"start":{"line":96,"column":25},"end":{"line":96,"column":26}},"loc":{"start":{"line":96,"column":33},"end":{"line":108,"column":13}}},"16":{"name":"(anonymous_16)","decl":{"start":{"line":100,"column":25},"end":{"line":100,"column":26}},"loc":{"start":{"line":100,"column":35},"end":{"line":106,"column":19}}}},"branchMap":{"0":{"loc":{"start":{"line":35,"column":18},"end":{"line":35,"column":41}},"type":"cond-expr","locations":[{"start":{"line":35,"column":35},"end":{"line":35,"column":39}},{"start":{"line":35,"column":39},"end":{"line":35,"column":41}}]},"1":{"loc":{"start":{"line":35,"column":18},"end":{"line":35,"column":39}},"type":"binary-expr","locations":[{"start":{"line":35,"column":18},"end":{"line":35,"column":39}},{"start":{"line":35,"column":35},"end":{"line":35,"column":39}}]},"2":{"loc":{"start":{"line":47,"column":10},"end":{"line":53,"column":11}},"type":"if","locations":[{"start":{"line":47,"column":10},"end":{"line":53,"column":11}}]},"3":{"loc":{"start":{"line":62,"column":16},"end":{"line":62,"column":39}},"type":"cond-expr","locations":[{"start":{"line":62,"column":33},"end":{"line":62,"column":37}},{"start":{"line":62,"column":37},"end":{"line":62,"column":39}}]},"4":{"loc":{"start":{"line":62,"column":16},"end":{"line":62,"column":37}},"type":"binary-expr","locations":[{"start":{"line":62,"column":16},"end":{"line":62,"column":37}},{"start":{"line":62,"column":33},"end":{"line":62,"column":37}}]},"5":{"loc":{"start":{"line":67,"column":0},"end":{"line":113,"column":4}},"type":"cond-expr","locations":[{"start":{"line":68,"column":33},"end":{"line":68,"column":null}},{"start":{"line":68,"column":33},"end":{"line":113,"column":4}}]},"6":{"loc":{"start":{"line":67,"column":0},"end":{"line":68,"column":null}},"type":"binary-expr","locations":[{"start":{"line":67,"column":0},"end":{"line":68,"column":null}},{"start":{"line":68,"column":33},"end":{"line":68,"column":null}}]},"7":{"loc":{"start":{"line":75,"column":4},"end":{"line":112,"column":5}},"type":"if","locations":[{"start":{"line":75,"column":4},"end":{"line":112,"column":5}}]},"8":{"loc":{"start":{"line":78,"column":22},"end":{"line":78,"column":45}},"type":"cond-expr","locations":[{"start":{"line":78,"column":39},"end":{"line":78,"column":43}},{"start":{"line":78,"column":43},"end":{"line":78,"column":45}}]},"9":{"loc":{"start":{"line":78,"column":22},"end":{"line":78,"column":43}},"type":"binary-expr","locations":[{"start":{"line":78,"column":22},"end":{"line":78,"column":43}},{"start":{"line":78,"column":39},"end":{"line":78,"column":43}}]},"10":{"loc":{"start":{"line":81,"column":8},"end":{"line":83,"column":9}},"type":"if","locations":[{"start":{"line":81,"column":8},"end":{"line":83,"column":9}}]},"11":{"loc":{"start":{"line":97,"column":14},"end":{"line":107,"column":15}},"type":"if","locations":[{"start":{"line":97,"column":14},"end":{"line":107,"column":15}}]}},"s":{"0":0,"1":0,"2":0,"3":0,"4":0,"5":0,"6":0,"7":0,"8":0,"9":0,"10":0,"11":0,"12":0,"13":0,"14":0,"15":0,"16":0,"17":0,"18":0,"19":0,"20":0,"21":0,"22":0,"23":0,"24":0,"25":0,"26":0,"27":0,"28":0,"29":0,"30":0,"31":0,"32":0,"33":0,"34":0,"35":0,"36":0,"37":0,"38":0,"39":0,"40":0,"41":0,"42":0,"43":0,"44":0,"45":0,"46":0,"47":0},"f":{"0":0,"1":0,"2":0,"3":0,"4":0,"5":0,"6":0,"7":0,"8":0,"9":0,"10":0,"11":0,"12":0,"13":0,"14":0,"15":0,"16":0},"b":{"0":[0,0],"1":[0,0],"2":[0],"3":[0,0],"4":[0,0],"5":[0,0],"6":[0,0],"7":[0],"8":[0,0],"9":[0,0],"10":[0],"11":[0]}}
,"/Users/emanualjade/Sites/chrome/tuber/src/popup.ts": {"path":"/Users/emanualjade/Sites/chrome/tuber/src/popup.ts","statementMap":{"0":{"start":{"line":2,"column":0},"end":{"line":2,"column":20}},"1":{"start":{"line":4,"column":21},"end":{"line":5,"column":null}},"2":{"start":{"line":7,"column":22},"end":{"line":8,"column":null}},"3":{"start":{"line":10,"column":22},"end":{"line":11,"column":null}},"4":{"start":{"line":13,"column":22},"end":{"line":14,"column":null}},"5":{"start":{"line":18,"column":16},"end":{"line":23,"column":null}},"6":{"start":{"line":31,"column":2},"end":{"line":37,"column":3}},"7":{"start":{"line":32,"column":19},"end":{"line":32,"column":46}},"8":{"start":{"line":33,"column":4},"end":{"line":36,"column":5}},"9":{"start":{"line":34,"column":6},"end":{"line":34,"column":null}},"10":{"start":{"line":35,"column":6},"end":{"line":35,"column":null}},"11":{"start":{"line":38,"column":2},"end":{"line":38,"column":27}},"12":{"start":{"line":38,"column":21},"end":{"line":38,"column":27}},"13":{"start":{"line":40,"column":20},"end":{"line":40,"column":41}},"14":{"start":{"line":41,"column":2},"end":{"line":46,"column":3}},"15":{"start":{"line":42,"column":4},"end":{"line":44,"column":null}},"16":{"start":{"line":45,"column":4},"end":{"line":45,"column":null}},"17":{"start":{"line":51,"column":18},"end":{"line":51,"column":20}},"18":{"start":{"line":52,"column":2},"end":{"line":55,"column":null}},"19":{"start":{"line":52,"column":34},"end":{"line":52,"column":null}},"20":{"start":{"line":53,"column":7},"end":{"line":55,"column":null}},"21":{"start":{"line":53,"column":39},"end":{"line":53,"column":null}},"22":{"start":{"line":54,"column":7},"end":{"line":55,"column":null}},"23":{"start":{"line":54,"column":39},"end":{"line":54,"column":null}},"24":{"start":{"line":55,"column":7},"end":{"line":55,"column":null}},"25":{"start":{"line":55,"column":38},"end":{"line":55,"column":null}},"26":{"start":{"line":57,"column":2},"end":{"line":57,"column":null}},"27":{"start":{"line":61,"column":0},"end":{"line":64,"column":null}},"28":{"start":{"line":62,"column":2},"end":{"line":62,"column":null}},"29":{"start":{"line":63,"column":2},"end":{"line":63,"column":null}},"30":{"start":{"line":67,"column":2},"end":{"line":93,"column":null}},"31":{"start":{"line":68,"column":4},"end":{"line":92,"column":5}},"32":{"start":{"line":70,"column":6},"end":{"line":79,"column":null}},"33":{"start":{"line":71,"column":8},"end":{"line":71,"column":null}},"34":{"start":{"line":72,"column":8},"end":{"line":72,"column":null}},"35":{"start":{"line":73,"column":8},"end":{"line":78,"column":null}},"36":{"start":{"line":74,"column":10},"end":{"line":77,"column":11}},"37":{"start":{"line":75,"column":37},"end":{"line":75,"column":59}},"38":{"start":{"line":76,"column":12},"end":{"line":76,"column":null}},"39":{"start":{"line":82,"column":6},"end":{"line":91,"column":null}},"40":{"start":{"line":83,"column":8},"end":{"line":83,"column":null}},"41":{"start":{"line":84,"column":8},"end":{"line":84,"column":null}},"42":{"start":{"line":85,"column":8},"end":{"line":90,"column":null}},"43":{"start":{"line":86,"column":10},"end":{"line":89,"column":11}},"44":{"start":{"line":87,"column":37},"end":{"line":87,"column":63}},"45":{"start":{"line":88,"column":12},"end":{"line":88,"column":null}},"46":{"start":{"line":97,"column":0},"end":{"line":99,"column":2}},"47":{"start":{"line":98,"column":2},"end":{"line":98,"column":39}},"48":{"start":{"line":100,"column":0},"end":{"line":102,"column":2}},"49":{"start":{"line":101,"column":2},"end":{"line":101,"column":39}},"50":{"start":{"line":103,"column":0},"end":{"line":105,"column":2}},"51":{"start":{"line":104,"column":2},"end":{"line":104,"column":39}},"52":{"start":{"line":106,"column":0},"end":{"line":108,"column":2}},"53":{"start":{"line":107,"column":2},"end":{"line":107,"column":37}},"54":{"start":{"line":111,"column":23},"end":{"line":111,"column":63}},"55":{"start":{"line":112,"column":0},"end":{"line":125,"column":1}},"56":{"start":{"line":113,"column":2},"end":{"line":113,"column":null}},"57":{"start":{"line":115,"column":2},"end":{"line":124,"column":null}},"58":{"start":{"line":117,"column":4},"end":{"line":123,"column":5}},"59":{"start":{"line":118,"column":6},"end":{"line":120,"column":null}},"60":{"start":{"line":119,"column":8},"end":{"line":119,"column":null}},"61":{"start":{"line":122,"column":6},"end":{"line":122,"column":null}}},"fnMap":{"0":{"name":"updateButtonState","decl":{"start":{"line":26,"column":9},"end":{"line":26,"column":26}},"loc":{"start":{"line":28,"column":21},"end":{"line":47,"column":1}}},"1":{"name":"updateBadgeText","decl":{"start":{"line":50,"column":9},"end":{"line":50,"column":24}},"loc":{"start":{"line":50,"column":62},"end":{"line":58,"column":1}}},"2":{"name":"(anonymous_2)","decl":{"start":{"line":61,"column":39},"end":{"line":61,"column":40}},"loc":{"start":{"line":61,"column":62},"end":{"line":64,"column":1}}},"3":{"name":"handleButtonClick","decl":{"start":{"line":66,"column":9},"end":{"line":66,"column":26}},"loc":{"start":{"line":66,"column":63},"end":{"line":94,"column":1}}},"4":{"name":"(anonymous_4)","decl":{"start":{"line":67,"column":41},"end":{"line":67,"column":42}},"loc":{"start":{"line":67,"column":74},"end":{"line":93,"column":3}}},"5":{"name":"(anonymous_5)","decl":{"start":{"line":70,"column":48},"end":{"line":70,"column":51}},"loc":{"start":{"line":70,"column":53},"end":{"line":79,"column":7}}},"6":{"name":"(anonymous_6)","decl":{"start":{"line":73,"column":65},"end":{"line":73,"column":66}},"loc":{"start":{"line":73,"column":74},"end":{"line":78,"column":9}}},"7":{"name":"(anonymous_7)","decl":{"start":{"line":82,"column":57},"end":{"line":82,"column":60}},"loc":{"start":{"line":82,"column":62},"end":{"line":91,"column":7}}},"8":{"name":"(anonymous_8)","decl":{"start":{"line":85,"column":65},"end":{"line":85,"column":66}},"loc":{"start":{"line":85,"column":74},"end":{"line":90,"column":9}}},"9":{"name":"(anonymous_9)","decl":{"start":{"line":97,"column":41},"end":{"line":97,"column":44}},"loc":{"start":{"line":98,"column":2},"end":{"line":98,"column":39}}},"10":{"name":"(anonymous_10)","decl":{"start":{"line":100,"column":41},"end":{"line":100,"column":44}},"loc":{"start":{"line":101,"column":2},"end":{"line":101,"column":39}}},"11":{"name":"(anonymous_11)","decl":{"start":{"line":103,"column":41},"end":{"line":103,"column":44}},"loc":{"start":{"line":104,"column":2},"end":{"line":104,"column":39}}},"12":{"name":"(anonymous_12)","decl":{"start":{"line":106,"column":40},"end":{"line":106,"column":43}},"loc":{"start":{"line":107,"column":2},"end":{"line":107,"column":37}}},"13":{"name":"(anonymous_13)","decl":{"start":{"line":115,"column":43},"end":{"line":115,"column":null}},"loc":{"start":{"line":115,"column":43},"end":{"line":124,"column":3}}},"14":{"name":"(anonymous_14)","decl":{"start":{"line":118,"column":45},"end":{"line":118,"column":46}},"loc":{"start":{"line":118,"column":64},"end":{"line":120,"column":7}}}},"branchMap":{"0":{"loc":{"start":{"line":33,"column":4},"end":{"line":36,"column":5}},"type":"if","locations":[{"start":{"line":33,"column":4},"end":{"line":36,"column":5}}]},"1":{"loc":{"start":{"line":38,"column":2},"end":{"line":38,"column":27}},"type":"if","locations":[{"start":{"line":38,"column":2},"end":{"line":38,"column":27}}]},"2":{"loc":{"start":{"line":41,"column":2},"end":{"line":46,"column":3}},"type":"if","locations":[{"start":{"line":41,"column":2},"end":{"line":46,"column":3}}]},"3":{"loc":{"start":{"line":42,"column":28},"end":{"line":44,"column":43}},"type":"cond-expr","locations":[{"start":{"line":43,"column":8},"end":{"line":43,"column":51}},{"start":{"line":44,"column":8},"end":{"line":44,"column":43}}]},"4":{"loc":{"start":{"line":52,"column":2},"end":{"line":55,"column":null}},"type":"if","locations":[{"start":{"line":52,"column":2},"end":{"line":55,"column":null}},{"start":{"line":53,"column":7},"end":{"line":55,"column":null}}]},"5":{"loc":{"start":{"line":53,"column":7},"end":{"line":55,"column":null}},"type":"if","locations":[{"start":{"line":53,"column":7},"end":{"line":55,"column":null}},{"start":{"line":54,"column":7},"end":{"line":55,"column":null}}]},"6":{"loc":{"start":{"line":54,"column":7},"end":{"line":55,"column":null}},"type":"if","locations":[{"start":{"line":54,"column":7},"end":{"line":55,"column":null}},{"start":{"line":55,"column":7},"end":{"line":55,"column":null}}]},"7":{"loc":{"start":{"line":55,"column":7},"end":{"line":55,"column":null}},"type":"if","locations":[{"start":{"line":55,"column":7},"end":{"line":55,"column":null}}]},"8":{"loc":{"start":{"line":68,"column":4},"end":{"line":92,"column":5}},"type":"if","locations":[{"start":{"line":68,"column":4},"end":{"line":92,"column":5}},{"start":{"line":80,"column":11},"end":{"line":92,"column":5}}]},"9":{"loc":{"start":{"line":74,"column":10},"end":{"line":77,"column":11}},"type":"if","locations":[{"start":{"line":74,"column":10},"end":{"line":77,"column":11}}]},"10":{"loc":{"start":{"line":86,"column":10},"end":{"line":89,"column":11}},"type":"if","locations":[{"start":{"line":86,"column":10},"end":{"line":89,"column":11}}]},"11":{"loc":{"start":{"line":97,"column":0},"end":{"line":98,"column":null}},"type":"cond-expr","locations":[{"start":{"line":97,"column":13},"end":{"line":97,"column":15}},{"start":{"line":97,"column":0},"end":{"line":98,"column":null}}]},"12":{"loc":{"start":{"line":97,"column":0},"end":{"line":97,"column":15}},"type":"binary-expr","locations":[{"start":{"line":97,"column":0},"end":{"line":97,"column":15}},{"start":{"line":97,"column":0},"end":{"line":97,"column":15}}]},"13":{"loc":{"start":{"line":100,"column":0},"end":{"line":101,"column":null}},"type":"cond-expr","locations":[{"start":{"line":100,"column":13},"end":{"line":100,"column":15}},{"start":{"line":100,"column":0},"end":{"line":101,"column":null}}]},"14":{"loc":{"start":{"line":100,"column":0},"end":{"line":100,"column":15}},"type":"binary-expr","locations":[{"start":{"line":100,"column":0},"end":{"line":100,"column":15}},{"start":{"line":100,"column":0},"end":{"line":100,"column":15}}]},"15":{"loc":{"start":{"line":103,"column":0},"end":{"line":104,"column":null}},"type":"cond-expr","locations":[{"start":{"line":103,"column":13},"end":{"line":103,"column":15}},{"start":{"line":103,"column":0},"end":{"line":104,"column":null}}]},"16":{"loc":{"start":{"line":103,"column":0},"end":{"line":103,"column":15}},"type":"binary-expr","locations":[{"start":{"line":103,"column":0},"end":{"line":103,"column":15}},{"start":{"line":103,"column":0},"end":{"line":103,"column":15}}]},"17":{"loc":{"start":{"line":106,"column":0},"end":{"line":107,"column":null}},"type":"cond-expr","locations":[{"start":{"line":106,"column":12},"end":{"line":106,"column":14}},{"start":{"line":106,"column":0},"end":{"line":107,"column":null}}]},"18":{"loc":{"start":{"line":106,"column":0},"end":{"line":106,"column":14}},"type":"binary-expr","locations":[{"start":{"line":106,"column":0},"end":{"line":106,"column":14}},{"start":{"line":106,"column":0},"end":{"line":106,"column":14}}]},"19":{"loc":{"start":{"line":112,"column":0},"end":{"line":125,"column":1}},"type":"if","locations":[{"start":{"line":112,"column":0},"end":{"line":125,"column":1}},{"start":{"line":114,"column":7},"end":{"line":125,"column":1}}]},"20":{"loc":{"start":{"line":117,"column":4},"end":{"line":123,"column":5}},"type":"if","locations":[{"start":{"line":117,"column":4},"end":{"line":123,"column":5}},{"start":{"line":121,"column":11},"end":{"line":123,"column":5}}]}},"s":{"0":0,"1":0,"2":0,"3":0,"4":0,"5":0,"6":0,"7":0,"8":0,"9":0,"10":0,"11":0,"12":0,"13":0,"14":0,"15":0,"16":0,"17":0,"18":0,"19":0,"20":0,"21":0,"22":0,"23":0,"24":0,"25":0,"26":0,"27":0,"28":0,"29":0,"30":0,"31":0,"32":0,"33":0,"34":0,"35":0,"36":0,"37":0,"38":0,"39":0,"40":0,"41":0,"42":0,"43":0,"44":0,"45":0,"46":0,"47":0,"48":0,"49":0,"50":0,"51":0,"52":0,"53":0,"54":0,"55":0,"56":0,"57":0,"58":0,"59":0,"60":0,"61":0},"f":{"0":0,"1":0,"2":0,"3":0,"4":0,"5":0,"6":0,"7":0,"8":0,"9":0,"10":0,"11":0,"12":0,"13":0,"14":0},"b":{"0":[0],"1":[0],"2":[0],"3":[0,0],"4":[0,0],"5":[0,0],"6":[0,0],"7":[0],"8":[0,0],"9":[0],"10":[0],"11":[0,0],"12":[0,0],"13":[0,0],"14":[0,0],"15":[0,0],"16":[0,0],"17":[0,0],"18":[0,0],"19":[0,0],"20":[0,0]}}
}
